D:\FAST NUCES\MY PROGRAMS\19L-1110_CS-3G_ASSIGNMENT_4\19L-1110_CS-3G_ASSIGNMENT_4\DEBUG\MAIN.OBJ
D:\FAST NUCES\MY PROGRAMS\19L-1110_CS-3G_ASSIGNMENT_4\19L-1110_CS-3G_ASSIGNMENT_4\DEBUG\VC110.PDB
D:\FAST NUCES\MY PROGRAMS\19L-1110_CS-3G_ASSIGNMENT_4\DEBUG\19L-1110_CS-3G_ASSIGNMENT_4.ILK
D:\FAST NUCES\MY PROGRAMS\19L-1110_CS-3G_ASSIGNMENT_4\DEBUG\19L-1110_CS-3G_ASSIGNMENT_4.EXE
D:\FAST NUCES\MY PROGRAMS\19L-1110_CS-3G_ASSIGNMENT_4\DEBUG\19L-1110_CS-3G_ASSIGNMENT_4.PDB
D:\FAST NUCES\My Programs\19L-1110_CS-3G_Assignment_4\19L-1110_CS-3G_Assignment_4\Debug\main.obj
D:\FAST NUCES\My Programs\19L-1110_CS-3G_Assignment_4\19L-1110_CS-3G_Assignment_4\Debug\cl.command.1.tlog
D:\FAST NUCES\My Programs\19L-1110_CS-3G_Assignment_4\19L-1110_CS-3G_Assignment_4\Debug\CL.read.1.tlog
D:\FAST NUCES\My Programs\19L-1110_CS-3G_Assignment_4\19L-1110_CS-3G_Assignment_4\Debug\CL.write.1.tlog
D:\FAST NUCES\My Programs\19L-1110_CS-3G_Assignment_4\19L-1110_CS-3G_Assignment_4\Debug\link-cvtres.read.1.tlog
D:\FAST NUCES\My Programs\19L-1110_CS-3G_Assignment_4\19L-1110_CS-3G_Assignment_4\Debug\link-cvtres.write.1.tlog
D:\FAST NUCES\My Programs\19L-1110_CS-3G_Assignment_4\19L-1110_CS-3G_Assignment_4\Debug\link-rc.read.1.tlog
D:\FAST NUCES\My Programs\19L-1110_CS-3G_Assignment_4\19L-1110_CS-3G_Assignment_4\Debug\link-rc.write.1.tlog
D:\FAST NUCES\My Programs\19L-1110_CS-3G_Assignment_4\19L-1110_CS-3G_Assignment_4\Debug\link.command.1.tlog
D:\FAST NUCES\My Programs\19L-1110_CS-3G_Assignment_4\19L-1110_CS-3G_Assignment_4\Debug\link.read.1.tlog
D:\FAST NUCES\My Programs\19L-1110_CS-3G_Assignment_4\19L-1110_CS-3G_Assignment_4\Debug\link.write.1.tlog
D:\FAST NUCES\My Programs\19L-1110_CS-3G_Assignment_4\19L-1110_CS-3G_Assignment_4\Debug\vc110.idb
D:\FAST NUCES\My Programs\19L-1110_CS-3G_Assignment_4\19L-1110_CS-3G_Assignment_4\Debug\vc110.pdb
D:\FAST NUCES\My Programs\19L-1110_CS-3G_Assignment_4\Debug\19L-1110_CS-3G_Assignment_4.pdb
D:\FAST NUCES\My Programs\19L-1110_CS-3G_Assignment_4\Debug\19L-1110_CS-3G_Assignment_4.exe
D:\FAST NUCES\My Programs\19L-1110_CS-3G_Assignment_4\Debug\19L-1110_CS-3G_Assignment_4.ilk
