D:\FAST NUCES\MY PROGRAMS\19L-1110_CS-3G_(ASSIGNMENT-1)\19L-1110_CS-3G_(ASSIGNMENT-1)\DEBUG\MAIN.OBJ
D:\FAST NUCES\MY PROGRAMS\19L-1110_CS-3G_(ASSIGNMENT-1)\19L-1110_CS-3G_(ASSIGNMENT-1)\DEBUG\VC110.PDB
D:\FAST NUCES\MY PROGRAMS\19L-1110_CS-3G_(ASSIGNMENT-1)\DEBUG\19L-1110_CS-3G_(ASSIGNMENT-1).ILK
D:\FAST NUCES\MY PROGRAMS\19L-1110_CS-3G_(ASSIGNMENT-1)\DEBUG\19L-1110_CS-3G_(ASSIGNMENT-1).EXE
D:\FAST NUCES\MY PROGRAMS\19L-1110_CS-3G_(ASSIGNMENT-1)\DEBUG\19L-1110_CS-3G_(ASSIGNMENT-1).PDB
D:\FAST NUCES\My Programs\19L-1110_CS-3G_(Assignment-1)\19L-1110_CS-3G_(Assignment-1)\Debug\main.obj
D:\FAST NUCES\My Programs\19L-1110_CS-3G_(Assignment-1)\19L-1110_CS-3G_(Assignment-1)\Debug\cl.command.1.tlog
D:\FAST NUCES\My Programs\19L-1110_CS-3G_(Assignment-1)\19L-1110_CS-3G_(Assignment-1)\Debug\CL.read.1.tlog
D:\FAST NUCES\My Programs\19L-1110_CS-3G_(Assignment-1)\19L-1110_CS-3G_(Assignment-1)\Debug\CL.write.1.tlog
D:\FAST NUCES\My Programs\19L-1110_CS-3G_(Assignment-1)\19L-1110_CS-3G_(Assignment-1)\Debug\link-cvtres.read.1.tlog
D:\FAST NUCES\My Programs\19L-1110_CS-3G_(Assignment-1)\19L-1110_CS-3G_(Assignment-1)\Debug\link-cvtres.write.1.tlog
D:\FAST NUCES\My Programs\19L-1110_CS-3G_(Assignment-1)\19L-1110_CS-3G_(Assignment-1)\Debug\link-rc.read.1.tlog
D:\FAST NUCES\My Programs\19L-1110_CS-3G_(Assignment-1)\19L-1110_CS-3G_(Assignment-1)\Debug\link-rc.write.1.tlog
D:\FAST NUCES\My Programs\19L-1110_CS-3G_(Assignment-1)\19L-1110_CS-3G_(Assignment-1)\Debug\link.10356-cvtres.read.1.tlog
D:\FAST NUCES\My Programs\19L-1110_CS-3G_(Assignment-1)\19L-1110_CS-3G_(Assignment-1)\Debug\link.10356-cvtres.write.1.tlog
D:\FAST NUCES\My Programs\19L-1110_CS-3G_(Assignment-1)\19L-1110_CS-3G_(Assignment-1)\Debug\link.10356-rc.read.1.tlog
D:\FAST NUCES\My Programs\19L-1110_CS-3G_(Assignment-1)\19L-1110_CS-3G_(Assignment-1)\Debug\link.10356-rc.write.1.tlog
D:\FAST NUCES\My Programs\19L-1110_CS-3G_(Assignment-1)\19L-1110_CS-3G_(Assignment-1)\Debug\link.10356.read.1.tlog
D:\FAST NUCES\My Programs\19L-1110_CS-3G_(Assignment-1)\19L-1110_CS-3G_(Assignment-1)\Debug\link.10356.write.1.tlog
D:\FAST NUCES\My Programs\19L-1110_CS-3G_(Assignment-1)\19L-1110_CS-3G_(Assignment-1)\Debug\link.15240-cvtres.read.1.tlog
D:\FAST NUCES\My Programs\19L-1110_CS-3G_(Assignment-1)\19L-1110_CS-3G_(Assignment-1)\Debug\link.15240-cvtres.write.1.tlog
D:\FAST NUCES\My Programs\19L-1110_CS-3G_(Assignment-1)\19L-1110_CS-3G_(Assignment-1)\Debug\link.15240-rc.read.1.tlog
D:\FAST NUCES\My Programs\19L-1110_CS-3G_(Assignment-1)\19L-1110_CS-3G_(Assignment-1)\Debug\link.15240-rc.write.1.tlog
D:\FAST NUCES\My Programs\19L-1110_CS-3G_(Assignment-1)\19L-1110_CS-3G_(Assignment-1)\Debug\link.15240.read.1.tlog
D:\FAST NUCES\My Programs\19L-1110_CS-3G_(Assignment-1)\19L-1110_CS-3G_(Assignment-1)\Debug\link.15240.write.1.tlog
D:\FAST NUCES\My Programs\19L-1110_CS-3G_(Assignment-1)\19L-1110_CS-3G_(Assignment-1)\Debug\link.15296-cvtres.read.1.tlog
D:\FAST NUCES\My Programs\19L-1110_CS-3G_(Assignment-1)\19L-1110_CS-3G_(Assignment-1)\Debug\link.15296-cvtres.write.1.tlog
D:\FAST NUCES\My Programs\19L-1110_CS-3G_(Assignment-1)\19L-1110_CS-3G_(Assignment-1)\Debug\link.15296-rc.read.1.tlog
D:\FAST NUCES\My Programs\19L-1110_CS-3G_(Assignment-1)\19L-1110_CS-3G_(Assignment-1)\Debug\link.15296-rc.write.1.tlog
D:\FAST NUCES\My Programs\19L-1110_CS-3G_(Assignment-1)\19L-1110_CS-3G_(Assignment-1)\Debug\link.15296.read.1.tlog
D:\FAST NUCES\My Programs\19L-1110_CS-3G_(Assignment-1)\19L-1110_CS-3G_(Assignment-1)\Debug\link.15296.write.1.tlog
D:\FAST NUCES\My Programs\19L-1110_CS-3G_(Assignment-1)\19L-1110_CS-3G_(Assignment-1)\Debug\link.15968-cvtres.read.1.tlog
D:\FAST NUCES\My Programs\19L-1110_CS-3G_(Assignment-1)\19L-1110_CS-3G_(Assignment-1)\Debug\link.15968-cvtres.write.1.tlog
D:\FAST NUCES\My Programs\19L-1110_CS-3G_(Assignment-1)\19L-1110_CS-3G_(Assignment-1)\Debug\link.15968-rc.read.1.tlog
D:\FAST NUCES\My Programs\19L-1110_CS-3G_(Assignment-1)\19L-1110_CS-3G_(Assignment-1)\Debug\link.15968-rc.write.1.tlog
D:\FAST NUCES\My Programs\19L-1110_CS-3G_(Assignment-1)\19L-1110_CS-3G_(Assignment-1)\Debug\link.15968.read.1.tlog
D:\FAST NUCES\My Programs\19L-1110_CS-3G_(Assignment-1)\19L-1110_CS-3G_(Assignment-1)\Debug\link.15968.write.1.tlog
D:\FAST NUCES\My Programs\19L-1110_CS-3G_(Assignment-1)\19L-1110_CS-3G_(Assignment-1)\Debug\link.17912-cvtres.read.1.tlog
D:\FAST NUCES\My Programs\19L-1110_CS-3G_(Assignment-1)\19L-1110_CS-3G_(Assignment-1)\Debug\link.17912-cvtres.write.1.tlog
D:\FAST NUCES\My Programs\19L-1110_CS-3G_(Assignment-1)\19L-1110_CS-3G_(Assignment-1)\Debug\link.17912-rc.read.1.tlog
D:\FAST NUCES\My Programs\19L-1110_CS-3G_(Assignment-1)\19L-1110_CS-3G_(Assignment-1)\Debug\link.17912-rc.write.1.tlog
D:\FAST NUCES\My Programs\19L-1110_CS-3G_(Assignment-1)\19L-1110_CS-3G_(Assignment-1)\Debug\link.17912.read.1.tlog
D:\FAST NUCES\My Programs\19L-1110_CS-3G_(Assignment-1)\19L-1110_CS-3G_(Assignment-1)\Debug\link.17912.write.1.tlog
D:\FAST NUCES\My Programs\19L-1110_CS-3G_(Assignment-1)\19L-1110_CS-3G_(Assignment-1)\Debug\link.18476-cvtres.read.1.tlog
D:\FAST NUCES\My Programs\19L-1110_CS-3G_(Assignment-1)\19L-1110_CS-3G_(Assignment-1)\Debug\link.18476-cvtres.write.1.tlog
D:\FAST NUCES\My Programs\19L-1110_CS-3G_(Assignment-1)\19L-1110_CS-3G_(Assignment-1)\Debug\link.18476-rc.read.1.tlog
D:\FAST NUCES\My Programs\19L-1110_CS-3G_(Assignment-1)\19L-1110_CS-3G_(Assignment-1)\Debug\link.18476-rc.write.1.tlog
D:\FAST NUCES\My Programs\19L-1110_CS-3G_(Assignment-1)\19L-1110_CS-3G_(Assignment-1)\Debug\link.18476.read.1.tlog
D:\FAST NUCES\My Programs\19L-1110_CS-3G_(Assignment-1)\19L-1110_CS-3G_(Assignment-1)\Debug\link.18476.write.1.tlog
D:\FAST NUCES\My Programs\19L-1110_CS-3G_(Assignment-1)\19L-1110_CS-3G_(Assignment-1)\Debug\link.18812-cvtres.read.1.tlog
D:\FAST NUCES\My Programs\19L-1110_CS-3G_(Assignment-1)\19L-1110_CS-3G_(Assignment-1)\Debug\link.18812-cvtres.write.1.tlog
D:\FAST NUCES\My Programs\19L-1110_CS-3G_(Assignment-1)\19L-1110_CS-3G_(Assignment-1)\Debug\link.18812-rc.read.1.tlog
D:\FAST NUCES\My Programs\19L-1110_CS-3G_(Assignment-1)\19L-1110_CS-3G_(Assignment-1)\Debug\link.18812-rc.write.1.tlog
D:\FAST NUCES\My Programs\19L-1110_CS-3G_(Assignment-1)\19L-1110_CS-3G_(Assignment-1)\Debug\link.18812.read.1.tlog
D:\FAST NUCES\My Programs\19L-1110_CS-3G_(Assignment-1)\19L-1110_CS-3G_(Assignment-1)\Debug\link.18812.write.1.tlog
D:\FAST NUCES\My Programs\19L-1110_CS-3G_(Assignment-1)\19L-1110_CS-3G_(Assignment-1)\Debug\link.19988-cvtres.read.1.tlog
D:\FAST NUCES\My Programs\19L-1110_CS-3G_(Assignment-1)\19L-1110_CS-3G_(Assignment-1)\Debug\link.19988-cvtres.write.1.tlog
D:\FAST NUCES\My Programs\19L-1110_CS-3G_(Assignment-1)\19L-1110_CS-3G_(Assignment-1)\Debug\link.19988-rc.read.1.tlog
D:\FAST NUCES\My Programs\19L-1110_CS-3G_(Assignment-1)\19L-1110_CS-3G_(Assignment-1)\Debug\link.19988-rc.write.1.tlog
D:\FAST NUCES\My Programs\19L-1110_CS-3G_(Assignment-1)\19L-1110_CS-3G_(Assignment-1)\Debug\link.19988.read.1.tlog
D:\FAST NUCES\My Programs\19L-1110_CS-3G_(Assignment-1)\19L-1110_CS-3G_(Assignment-1)\Debug\link.19988.write.1.tlog
D:\FAST NUCES\My Programs\19L-1110_CS-3G_(Assignment-1)\19L-1110_CS-3G_(Assignment-1)\Debug\link.21260-cvtres.read.1.tlog
D:\FAST NUCES\My Programs\19L-1110_CS-3G_(Assignment-1)\19L-1110_CS-3G_(Assignment-1)\Debug\link.21260-cvtres.write.1.tlog
D:\FAST NUCES\My Programs\19L-1110_CS-3G_(Assignment-1)\19L-1110_CS-3G_(Assignment-1)\Debug\link.21260-rc.read.1.tlog
D:\FAST NUCES\My Programs\19L-1110_CS-3G_(Assignment-1)\19L-1110_CS-3G_(Assignment-1)\Debug\link.21260-rc.write.1.tlog
D:\FAST NUCES\My Programs\19L-1110_CS-3G_(Assignment-1)\19L-1110_CS-3G_(Assignment-1)\Debug\link.21260.read.1.tlog
D:\FAST NUCES\My Programs\19L-1110_CS-3G_(Assignment-1)\19L-1110_CS-3G_(Assignment-1)\Debug\link.21260.write.1.tlog
D:\FAST NUCES\My Programs\19L-1110_CS-3G_(Assignment-1)\19L-1110_CS-3G_(Assignment-1)\Debug\link.21672-cvtres.read.1.tlog
D:\FAST NUCES\My Programs\19L-1110_CS-3G_(Assignment-1)\19L-1110_CS-3G_(Assignment-1)\Debug\link.21672-cvtres.write.1.tlog
D:\FAST NUCES\My Programs\19L-1110_CS-3G_(Assignment-1)\19L-1110_CS-3G_(Assignment-1)\Debug\link.21672-rc.read.1.tlog
D:\FAST NUCES\My Programs\19L-1110_CS-3G_(Assignment-1)\19L-1110_CS-3G_(Assignment-1)\Debug\link.21672-rc.write.1.tlog
D:\FAST NUCES\My Programs\19L-1110_CS-3G_(Assignment-1)\19L-1110_CS-3G_(Assignment-1)\Debug\link.21672.read.1.tlog
D:\FAST NUCES\My Programs\19L-1110_CS-3G_(Assignment-1)\19L-1110_CS-3G_(Assignment-1)\Debug\link.21672.write.1.tlog
D:\FAST NUCES\My Programs\19L-1110_CS-3G_(Assignment-1)\19L-1110_CS-3G_(Assignment-1)\Debug\link.22244-cvtres.read.1.tlog
D:\FAST NUCES\My Programs\19L-1110_CS-3G_(Assignment-1)\19L-1110_CS-3G_(Assignment-1)\Debug\link.22244-cvtres.write.1.tlog
D:\FAST NUCES\My Programs\19L-1110_CS-3G_(Assignment-1)\19L-1110_CS-3G_(Assignment-1)\Debug\link.22244-rc.read.1.tlog
D:\FAST NUCES\My Programs\19L-1110_CS-3G_(Assignment-1)\19L-1110_CS-3G_(Assignment-1)\Debug\link.22244-rc.write.1.tlog
D:\FAST NUCES\My Programs\19L-1110_CS-3G_(Assignment-1)\19L-1110_CS-3G_(Assignment-1)\Debug\link.22244.read.1.tlog
D:\FAST NUCES\My Programs\19L-1110_CS-3G_(Assignment-1)\19L-1110_CS-3G_(Assignment-1)\Debug\link.22244.write.1.tlog
D:\FAST NUCES\My Programs\19L-1110_CS-3G_(Assignment-1)\19L-1110_CS-3G_(Assignment-1)\Debug\link.22380-cvtres.read.1.tlog
D:\FAST NUCES\My Programs\19L-1110_CS-3G_(Assignment-1)\19L-1110_CS-3G_(Assignment-1)\Debug\link.22380-cvtres.write.1.tlog
D:\FAST NUCES\My Programs\19L-1110_CS-3G_(Assignment-1)\19L-1110_CS-3G_(Assignment-1)\Debug\link.22380-rc.read.1.tlog
D:\FAST NUCES\My Programs\19L-1110_CS-3G_(Assignment-1)\19L-1110_CS-3G_(Assignment-1)\Debug\link.22380-rc.write.1.tlog
D:\FAST NUCES\My Programs\19L-1110_CS-3G_(Assignment-1)\19L-1110_CS-3G_(Assignment-1)\Debug\link.22380.read.1.tlog
D:\FAST NUCES\My Programs\19L-1110_CS-3G_(Assignment-1)\19L-1110_CS-3G_(Assignment-1)\Debug\link.22380.write.1.tlog
D:\FAST NUCES\My Programs\19L-1110_CS-3G_(Assignment-1)\19L-1110_CS-3G_(Assignment-1)\Debug\link.23992-cvtres.read.1.tlog
D:\FAST NUCES\My Programs\19L-1110_CS-3G_(Assignment-1)\19L-1110_CS-3G_(Assignment-1)\Debug\link.23992-cvtres.write.1.tlog
D:\FAST NUCES\My Programs\19L-1110_CS-3G_(Assignment-1)\19L-1110_CS-3G_(Assignment-1)\Debug\link.23992-rc.read.1.tlog
D:\FAST NUCES\My Programs\19L-1110_CS-3G_(Assignment-1)\19L-1110_CS-3G_(Assignment-1)\Debug\link.23992-rc.write.1.tlog
D:\FAST NUCES\My Programs\19L-1110_CS-3G_(Assignment-1)\19L-1110_CS-3G_(Assignment-1)\Debug\link.23992.read.1.tlog
D:\FAST NUCES\My Programs\19L-1110_CS-3G_(Assignment-1)\19L-1110_CS-3G_(Assignment-1)\Debug\link.23992.write.1.tlog
D:\FAST NUCES\My Programs\19L-1110_CS-3G_(Assignment-1)\19L-1110_CS-3G_(Assignment-1)\Debug\link.4780-cvtres.read.1.tlog
D:\FAST NUCES\My Programs\19L-1110_CS-3G_(Assignment-1)\19L-1110_CS-3G_(Assignment-1)\Debug\link.4780-cvtres.write.1.tlog
D:\FAST NUCES\My Programs\19L-1110_CS-3G_(Assignment-1)\19L-1110_CS-3G_(Assignment-1)\Debug\link.4780-rc.read.1.tlog
D:\FAST NUCES\My Programs\19L-1110_CS-3G_(Assignment-1)\19L-1110_CS-3G_(Assignment-1)\Debug\link.4780-rc.write.1.tlog
D:\FAST NUCES\My Programs\19L-1110_CS-3G_(Assignment-1)\19L-1110_CS-3G_(Assignment-1)\Debug\link.4780.read.1.tlog
D:\FAST NUCES\My Programs\19L-1110_CS-3G_(Assignment-1)\19L-1110_CS-3G_(Assignment-1)\Debug\link.4780.write.1.tlog
D:\FAST NUCES\My Programs\19L-1110_CS-3G_(Assignment-1)\19L-1110_CS-3G_(Assignment-1)\Debug\link.6704-cvtres.read.1.tlog
D:\FAST NUCES\My Programs\19L-1110_CS-3G_(Assignment-1)\19L-1110_CS-3G_(Assignment-1)\Debug\link.6704-cvtres.write.1.tlog
D:\FAST NUCES\My Programs\19L-1110_CS-3G_(Assignment-1)\19L-1110_CS-3G_(Assignment-1)\Debug\link.6704-rc.read.1.tlog
D:\FAST NUCES\My Programs\19L-1110_CS-3G_(Assignment-1)\19L-1110_CS-3G_(Assignment-1)\Debug\link.6704-rc.write.1.tlog
D:\FAST NUCES\My Programs\19L-1110_CS-3G_(Assignment-1)\19L-1110_CS-3G_(Assignment-1)\Debug\link.6704.read.1.tlog
D:\FAST NUCES\My Programs\19L-1110_CS-3G_(Assignment-1)\19L-1110_CS-3G_(Assignment-1)\Debug\link.6704.write.1.tlog
D:\FAST NUCES\My Programs\19L-1110_CS-3G_(Assignment-1)\19L-1110_CS-3G_(Assignment-1)\Debug\link.8064-cvtres.read.1.tlog
D:\FAST NUCES\My Programs\19L-1110_CS-3G_(Assignment-1)\19L-1110_CS-3G_(Assignment-1)\Debug\link.8064-cvtres.write.1.tlog
D:\FAST NUCES\My Programs\19L-1110_CS-3G_(Assignment-1)\19L-1110_CS-3G_(Assignment-1)\Debug\link.8064-rc.read.1.tlog
D:\FAST NUCES\My Programs\19L-1110_CS-3G_(Assignment-1)\19L-1110_CS-3G_(Assignment-1)\Debug\link.8064-rc.write.1.tlog
D:\FAST NUCES\My Programs\19L-1110_CS-3G_(Assignment-1)\19L-1110_CS-3G_(Assignment-1)\Debug\link.8064.read.1.tlog
D:\FAST NUCES\My Programs\19L-1110_CS-3G_(Assignment-1)\19L-1110_CS-3G_(Assignment-1)\Debug\link.8064.write.1.tlog
D:\FAST NUCES\My Programs\19L-1110_CS-3G_(Assignment-1)\19L-1110_CS-3G_(Assignment-1)\Debug\link.8648-cvtres.read.1.tlog
D:\FAST NUCES\My Programs\19L-1110_CS-3G_(Assignment-1)\19L-1110_CS-3G_(Assignment-1)\Debug\link.8648-cvtres.write.1.tlog
D:\FAST NUCES\My Programs\19L-1110_CS-3G_(Assignment-1)\19L-1110_CS-3G_(Assignment-1)\Debug\link.8648-rc.read.1.tlog
D:\FAST NUCES\My Programs\19L-1110_CS-3G_(Assignment-1)\19L-1110_CS-3G_(Assignment-1)\Debug\link.8648-rc.write.1.tlog
D:\FAST NUCES\My Programs\19L-1110_CS-3G_(Assignment-1)\19L-1110_CS-3G_(Assignment-1)\Debug\link.8648.read.1.tlog
D:\FAST NUCES\My Programs\19L-1110_CS-3G_(Assignment-1)\19L-1110_CS-3G_(Assignment-1)\Debug\link.8648.write.1.tlog
D:\FAST NUCES\My Programs\19L-1110_CS-3G_(Assignment-1)\19L-1110_CS-3G_(Assignment-1)\Debug\link.command.1.tlog
D:\FAST NUCES\My Programs\19L-1110_CS-3G_(Assignment-1)\19L-1110_CS-3G_(Assignment-1)\Debug\link.read.1.tlog
D:\FAST NUCES\My Programs\19L-1110_CS-3G_(Assignment-1)\19L-1110_CS-3G_(Assignment-1)\Debug\link.write.1.tlog
D:\FAST NUCES\My Programs\19L-1110_CS-3G_(Assignment-1)\19L-1110_CS-3G_(Assignment-1)\Debug\vc110.idb
D:\FAST NUCES\My Programs\19L-1110_CS-3G_(Assignment-1)\19L-1110_CS-3G_(Assignment-1)\Debug\vc110.pdb
D:\FAST NUCES\My Programs\19L-1110_CS-3G_(Assignment-1)\Debug\19L-1110_CS-3G_(Assignment-1).pdb
D:\FAST NUCES\My Programs\19L-1110_CS-3G_(Assignment-1)\Debug\19L-1110_CS-3G_(Assignment-1).exe
D:\FAST NUCES\My Programs\19L-1110_CS-3G_(Assignment-1)\Debug\19L-1110_CS-3G_(Assignment-1).ilk
