D:\FAST NUCES\MY PROGRAMS\19L-1110_CS-3G_ASSIGNMENT-5\19L-1110_CS-3G_ASSIGNMENT-5\DEBUG\MAIN.OBJ
D:\FAST NUCES\MY PROGRAMS\19L-1110_CS-3G_ASSIGNMENT-5\19L-1110_CS-3G_ASSIGNMENT-5\DEBUG\VC110.PDB
D:\FAST NUCES\MY PROGRAMS\19L-1110_CS-3G_ASSIGNMENT-5\DEBUG\19L-1110_CS-3G_ASSIGNMENT-5.ILK
D:\FAST NUCES\MY PROGRAMS\19L-1110_CS-3G_ASSIGNMENT-5\DEBUG\19L-1110_CS-3G_ASSIGNMENT-5.EXE
D:\FAST NUCES\MY PROGRAMS\19L-1110_CS-3G_ASSIGNMENT-5\DEBUG\19L-1110_CS-3G_ASSIGNMENT-5.PDB
D:\FAST NUCES\My Programs\19L-1110_CS-3G_Assignment-5\19L-1110_CS-3G_Assignment-5\Debug\main.obj
D:\FAST NUCES\My Programs\19L-1110_CS-3G_Assignment-5\19L-1110_CS-3G_Assignment-5\Debug\cl.command.1.tlog
D:\FAST NUCES\My Programs\19L-1110_CS-3G_Assignment-5\19L-1110_CS-3G_Assignment-5\Debug\CL.read.1.tlog
D:\FAST NUCES\My Programs\19L-1110_CS-3G_Assignment-5\19L-1110_CS-3G_Assignment-5\Debug\CL.write.1.tlog
D:\FAST NUCES\My Programs\19L-1110_CS-3G_Assignment-5\19L-1110_CS-3G_Assignment-5\Debug\link-cvtres.read.1.tlog
D:\FAST NUCES\My Programs\19L-1110_CS-3G_Assignment-5\19L-1110_CS-3G_Assignment-5\Debug\link-cvtres.write.1.tlog
D:\FAST NUCES\My Programs\19L-1110_CS-3G_Assignment-5\19L-1110_CS-3G_Assignment-5\Debug\link-rc.read.1.tlog
D:\FAST NUCES\My Programs\19L-1110_CS-3G_Assignment-5\19L-1110_CS-3G_Assignment-5\Debug\link-rc.write.1.tlog
D:\FAST NUCES\My Programs\19L-1110_CS-3G_Assignment-5\19L-1110_CS-3G_Assignment-5\Debug\link.15064-cvtres.read.1.tlog
D:\FAST NUCES\My Programs\19L-1110_CS-3G_Assignment-5\19L-1110_CS-3G_Assignment-5\Debug\link.15064-cvtres.write.1.tlog
D:\FAST NUCES\My Programs\19L-1110_CS-3G_Assignment-5\19L-1110_CS-3G_Assignment-5\Debug\link.15064-rc.read.1.tlog
D:\FAST NUCES\My Programs\19L-1110_CS-3G_Assignment-5\19L-1110_CS-3G_Assignment-5\Debug\link.15064-rc.write.1.tlog
D:\FAST NUCES\My Programs\19L-1110_CS-3G_Assignment-5\19L-1110_CS-3G_Assignment-5\Debug\link.15064.read.1.tlog
D:\FAST NUCES\My Programs\19L-1110_CS-3G_Assignment-5\19L-1110_CS-3G_Assignment-5\Debug\link.15064.write.1.tlog
D:\FAST NUCES\My Programs\19L-1110_CS-3G_Assignment-5\19L-1110_CS-3G_Assignment-5\Debug\link.15224-cvtres.read.1.tlog
D:\FAST NUCES\My Programs\19L-1110_CS-3G_Assignment-5\19L-1110_CS-3G_Assignment-5\Debug\link.15224-cvtres.write.1.tlog
D:\FAST NUCES\My Programs\19L-1110_CS-3G_Assignment-5\19L-1110_CS-3G_Assignment-5\Debug\link.15224-rc.read.1.tlog
D:\FAST NUCES\My Programs\19L-1110_CS-3G_Assignment-5\19L-1110_CS-3G_Assignment-5\Debug\link.15224-rc.write.1.tlog
D:\FAST NUCES\My Programs\19L-1110_CS-3G_Assignment-5\19L-1110_CS-3G_Assignment-5\Debug\link.15224.read.1.tlog
D:\FAST NUCES\My Programs\19L-1110_CS-3G_Assignment-5\19L-1110_CS-3G_Assignment-5\Debug\link.15224.write.1.tlog
D:\FAST NUCES\My Programs\19L-1110_CS-3G_Assignment-5\19L-1110_CS-3G_Assignment-5\Debug\link.17448-cvtres.read.1.tlog
D:\FAST NUCES\My Programs\19L-1110_CS-3G_Assignment-5\19L-1110_CS-3G_Assignment-5\Debug\link.17448-cvtres.write.1.tlog
D:\FAST NUCES\My Programs\19L-1110_CS-3G_Assignment-5\19L-1110_CS-3G_Assignment-5\Debug\link.17448-rc.read.1.tlog
D:\FAST NUCES\My Programs\19L-1110_CS-3G_Assignment-5\19L-1110_CS-3G_Assignment-5\Debug\link.17448-rc.write.1.tlog
D:\FAST NUCES\My Programs\19L-1110_CS-3G_Assignment-5\19L-1110_CS-3G_Assignment-5\Debug\link.17448.read.1.tlog
D:\FAST NUCES\My Programs\19L-1110_CS-3G_Assignment-5\19L-1110_CS-3G_Assignment-5\Debug\link.17448.write.1.tlog
D:\FAST NUCES\My Programs\19L-1110_CS-3G_Assignment-5\19L-1110_CS-3G_Assignment-5\Debug\link.18404-cvtres.read.1.tlog
D:\FAST NUCES\My Programs\19L-1110_CS-3G_Assignment-5\19L-1110_CS-3G_Assignment-5\Debug\link.18404-cvtres.write.1.tlog
D:\FAST NUCES\My Programs\19L-1110_CS-3G_Assignment-5\19L-1110_CS-3G_Assignment-5\Debug\link.18404-rc.read.1.tlog
D:\FAST NUCES\My Programs\19L-1110_CS-3G_Assignment-5\19L-1110_CS-3G_Assignment-5\Debug\link.18404-rc.write.1.tlog
D:\FAST NUCES\My Programs\19L-1110_CS-3G_Assignment-5\19L-1110_CS-3G_Assignment-5\Debug\link.18404.read.1.tlog
D:\FAST NUCES\My Programs\19L-1110_CS-3G_Assignment-5\19L-1110_CS-3G_Assignment-5\Debug\link.18404.write.1.tlog
D:\FAST NUCES\My Programs\19L-1110_CS-3G_Assignment-5\19L-1110_CS-3G_Assignment-5\Debug\link.19352-cvtres.read.1.tlog
D:\FAST NUCES\My Programs\19L-1110_CS-3G_Assignment-5\19L-1110_CS-3G_Assignment-5\Debug\link.19352-cvtres.write.1.tlog
D:\FAST NUCES\My Programs\19L-1110_CS-3G_Assignment-5\19L-1110_CS-3G_Assignment-5\Debug\link.19352-rc.read.1.tlog
D:\FAST NUCES\My Programs\19L-1110_CS-3G_Assignment-5\19L-1110_CS-3G_Assignment-5\Debug\link.19352-rc.write.1.tlog
D:\FAST NUCES\My Programs\19L-1110_CS-3G_Assignment-5\19L-1110_CS-3G_Assignment-5\Debug\link.19352.read.1.tlog
D:\FAST NUCES\My Programs\19L-1110_CS-3G_Assignment-5\19L-1110_CS-3G_Assignment-5\Debug\link.19352.write.1.tlog
D:\FAST NUCES\My Programs\19L-1110_CS-3G_Assignment-5\19L-1110_CS-3G_Assignment-5\Debug\link.19464-cvtres.read.1.tlog
D:\FAST NUCES\My Programs\19L-1110_CS-3G_Assignment-5\19L-1110_CS-3G_Assignment-5\Debug\link.19464-cvtres.write.1.tlog
D:\FAST NUCES\My Programs\19L-1110_CS-3G_Assignment-5\19L-1110_CS-3G_Assignment-5\Debug\link.19464-rc.read.1.tlog
D:\FAST NUCES\My Programs\19L-1110_CS-3G_Assignment-5\19L-1110_CS-3G_Assignment-5\Debug\link.19464-rc.write.1.tlog
D:\FAST NUCES\My Programs\19L-1110_CS-3G_Assignment-5\19L-1110_CS-3G_Assignment-5\Debug\link.19464.read.1.tlog
D:\FAST NUCES\My Programs\19L-1110_CS-3G_Assignment-5\19L-1110_CS-3G_Assignment-5\Debug\link.19464.write.1.tlog
D:\FAST NUCES\My Programs\19L-1110_CS-3G_Assignment-5\19L-1110_CS-3G_Assignment-5\Debug\link.21132-cvtres.read.1.tlog
D:\FAST NUCES\My Programs\19L-1110_CS-3G_Assignment-5\19L-1110_CS-3G_Assignment-5\Debug\link.21132-cvtres.write.1.tlog
D:\FAST NUCES\My Programs\19L-1110_CS-3G_Assignment-5\19L-1110_CS-3G_Assignment-5\Debug\link.21132-rc.read.1.tlog
D:\FAST NUCES\My Programs\19L-1110_CS-3G_Assignment-5\19L-1110_CS-3G_Assignment-5\Debug\link.21132-rc.write.1.tlog
D:\FAST NUCES\My Programs\19L-1110_CS-3G_Assignment-5\19L-1110_CS-3G_Assignment-5\Debug\link.21132.read.1.tlog
D:\FAST NUCES\My Programs\19L-1110_CS-3G_Assignment-5\19L-1110_CS-3G_Assignment-5\Debug\link.21132.write.1.tlog
D:\FAST NUCES\My Programs\19L-1110_CS-3G_Assignment-5\19L-1110_CS-3G_Assignment-5\Debug\link.2316-cvtres.read.1.tlog
D:\FAST NUCES\My Programs\19L-1110_CS-3G_Assignment-5\19L-1110_CS-3G_Assignment-5\Debug\link.2316-cvtres.write.1.tlog
D:\FAST NUCES\My Programs\19L-1110_CS-3G_Assignment-5\19L-1110_CS-3G_Assignment-5\Debug\link.2316-rc.read.1.tlog
D:\FAST NUCES\My Programs\19L-1110_CS-3G_Assignment-5\19L-1110_CS-3G_Assignment-5\Debug\link.2316-rc.write.1.tlog
D:\FAST NUCES\My Programs\19L-1110_CS-3G_Assignment-5\19L-1110_CS-3G_Assignment-5\Debug\link.2316.read.1.tlog
D:\FAST NUCES\My Programs\19L-1110_CS-3G_Assignment-5\19L-1110_CS-3G_Assignment-5\Debug\link.2316.write.1.tlog
D:\FAST NUCES\My Programs\19L-1110_CS-3G_Assignment-5\19L-1110_CS-3G_Assignment-5\Debug\link.6532-cvtres.read.1.tlog
D:\FAST NUCES\My Programs\19L-1110_CS-3G_Assignment-5\19L-1110_CS-3G_Assignment-5\Debug\link.6532-cvtres.write.1.tlog
D:\FAST NUCES\My Programs\19L-1110_CS-3G_Assignment-5\19L-1110_CS-3G_Assignment-5\Debug\link.6532-rc.read.1.tlog
D:\FAST NUCES\My Programs\19L-1110_CS-3G_Assignment-5\19L-1110_CS-3G_Assignment-5\Debug\link.6532-rc.write.1.tlog
D:\FAST NUCES\My Programs\19L-1110_CS-3G_Assignment-5\19L-1110_CS-3G_Assignment-5\Debug\link.6532.read.1.tlog
D:\FAST NUCES\My Programs\19L-1110_CS-3G_Assignment-5\19L-1110_CS-3G_Assignment-5\Debug\link.6532.write.1.tlog
D:\FAST NUCES\My Programs\19L-1110_CS-3G_Assignment-5\19L-1110_CS-3G_Assignment-5\Debug\link.9308-cvtres.read.1.tlog
D:\FAST NUCES\My Programs\19L-1110_CS-3G_Assignment-5\19L-1110_CS-3G_Assignment-5\Debug\link.9308-cvtres.write.1.tlog
D:\FAST NUCES\My Programs\19L-1110_CS-3G_Assignment-5\19L-1110_CS-3G_Assignment-5\Debug\link.9308-rc.read.1.tlog
D:\FAST NUCES\My Programs\19L-1110_CS-3G_Assignment-5\19L-1110_CS-3G_Assignment-5\Debug\link.9308-rc.write.1.tlog
D:\FAST NUCES\My Programs\19L-1110_CS-3G_Assignment-5\19L-1110_CS-3G_Assignment-5\Debug\link.9308.read.1.tlog
D:\FAST NUCES\My Programs\19L-1110_CS-3G_Assignment-5\19L-1110_CS-3G_Assignment-5\Debug\link.9308.write.1.tlog
D:\FAST NUCES\My Programs\19L-1110_CS-3G_Assignment-5\19L-1110_CS-3G_Assignment-5\Debug\link.command.1.tlog
D:\FAST NUCES\My Programs\19L-1110_CS-3G_Assignment-5\19L-1110_CS-3G_Assignment-5\Debug\link.read.1.tlog
D:\FAST NUCES\My Programs\19L-1110_CS-3G_Assignment-5\19L-1110_CS-3G_Assignment-5\Debug\link.write.1.tlog
D:\FAST NUCES\My Programs\19L-1110_CS-3G_Assignment-5\19L-1110_CS-3G_Assignment-5\Debug\vc110.idb
D:\FAST NUCES\My Programs\19L-1110_CS-3G_Assignment-5\19L-1110_CS-3G_Assignment-5\Debug\vc110.pdb
D:\FAST NUCES\My Programs\19L-1110_CS-3G_Assignment-5\Debug\19L-1110_CS-3G_Assignment-5.pdb
D:\FAST NUCES\My Programs\19L-1110_CS-3G_Assignment-5\Debug\19L-1110_CS-3G_Assignment-5.exe
D:\FAST NUCES\My Programs\19L-1110_CS-3G_Assignment-5\Debug\19L-1110_CS-3G_Assignment-5.ilk
